/*C4*/SET SCHEMA PUBLIC
DISCONNECT
/*C6*/SET SCHEMA PUBLIC
DISCONNECT
/*C7*/SET SCHEMA INVOICING
DELETE FROM COMMERCIALDOCUMENT WHERE OID='4028b881821c956f01821c9cd7ec0001'
DELETE FROM COMMERCIALDOCUMENT WHERE OID='4028b881821c956f01821c9d645a0002'
INSERT INTO COMMERCIALDOCUMENT VALUES('Order','4028b881821c956f01821c9cd7ec0001','2022-07-20',1,'',2022,2,NULL,NULL,NULL,NULL)
INSERT INTO COMMERCIALDOCUMENT VALUES('Order','4028b881821c956f01821c9d645a0002','2022-07-20',2,'',2022,1,NULL,NULL,NULL,NULL)
COMMIT
DELETE FROM COMMERCIALDOCUMENT WHERE OID='4028b881821c956f01821c9cd7ec0001'
DELETE FROM COMMERCIALDOCUMENT WHERE OID='4028b881821c956f01821c9d645a0002'
INSERT INTO COMMERCIALDOCUMENT VALUES('Order','4028b881821c956f01821c9cd7ec0001','2022-07-20',1,'',2022,2,NULL,NULL,NULL,NULL)
INSERT INTO COMMERCIALDOCUMENT VALUES('Order','4028b881821c956f01821c9d645a0002','2022-07-20',2,'',2022,1,NULL,NULL,NULL,NULL)
COMMIT
DELETE FROM COMMERCIALDOCUMENT WHERE OID='4028b881821c956f01821c9cd7ec0001'
DELETE FROM COMMERCIALDOCUMENT WHERE OID='4028b881821c956f01821c9d645a0002'
INSERT INTO COMMERCIALDOCUMENT VALUES('Order','4028b881821c956f01821c9cd7ec0001','2022-07-20',1,'',2022,2,NULL,NULL,NULL,NULL)
INSERT INTO COMMERCIALDOCUMENT VALUES('Order','4028b881821c956f01821c9d645a0002','2022-07-20',2,'',2022,1,NULL,NULL,NULL,NULL)
COMMIT
SET SCHEMA PUBLIC
DISCONNECT
/*C5*/SET SCHEMA INVOICING
INSERT INTO PRODUCT VALUES(79,'Java WEB II',NULL,20.00,NULL)
COMMIT
/*C8*/SET SCHEMA INVOICING
DELETE FROM COMMERCIALDOCUMENT_DETAILS WHERE COMMERCIALDOCUMENT_OID='4028b881821c956f01821c9cd7ec0001' AND PRODUCT_NUMBER=7 AND QUANTITY=2 AND PRICEPERUNIT IS NULL
DELETE FROM COMMERCIALDOCUMENT_DETAILS WHERE COMMERCIALDOCUMENT_OID='4028b881821c956f01821c9d645a0002' AND PRODUCT_NUMBER=7 AND QUANTITY=0 AND PRICEPERUNIT IS NULL
INSERT INTO COMMERCIALDOCUMENT_DETAILS VALUES('4028b881821c956f01821c9cd7ec0001',7,2,10.00)
INSERT INTO COMMERCIALDOCUMENT_DETAILS VALUES('4028b881821c956f01821c9d645a0002',7,0,10.00)
COMMIT
DELETE FROM COMMERCIALDOCUMENT WHERE OID='4028b881821c956f01821c9cd7ec0001'
DELETE FROM COMMERCIALDOCUMENT WHERE OID='4028b881821c956f01821c9d645a0002'
INSERT INTO COMMERCIALDOCUMENT VALUES('Order','4028b881821c956f01821c9cd7ec0001','2022-07-20',1,'',2022,2,NULL,21,NULL,NULL)
INSERT INTO COMMERCIALDOCUMENT VALUES('Order','4028b881821c956f01821c9d645a0002','2022-07-20',2,'',2022,1,NULL,21,NULL,NULL)
COMMIT
DELETE FROM COMMERCIALDOCUMENT WHERE OID='4028b881821c956f01821c9cd7ec0001'
DELETE FROM COMMERCIALDOCUMENT WHERE OID='4028b881821c956f01821c9d645a0002'
INSERT INTO COMMERCIALDOCUMENT VALUES('Order','4028b881821c956f01821c9cd7ec0001','2022-07-20',1,'',2022,2,NULL,21,NULL,NULL)
INSERT INTO COMMERCIALDOCUMENT VALUES('Order','4028b881821c956f01821c9d645a0002','2022-07-20',2,'',2022,1,NULL,21,NULL,NULL)
COMMIT
DELETE FROM COMMERCIALDOCUMENT WHERE OID='4028b881821c956f01821c9cd7ec0001'
DELETE FROM COMMERCIALDOCUMENT WHERE OID='4028b881821c956f01821c9d645a0002'
INSERT INTO COMMERCIALDOCUMENT VALUES('Order','4028b881821c956f01821c9cd7ec0001','2022-07-20',1,'',2022,2,NULL,21,4.20,NULL)
INSERT INTO COMMERCIALDOCUMENT VALUES('Order','4028b881821c956f01821c9d645a0002','2022-07-20',2,'',2022,1,NULL,21,0.00,NULL)
COMMIT
DELETE FROM COMMERCIALDOCUMENT WHERE OID='4028b881821c956f01821c9cd7ec0001'
DELETE FROM COMMERCIALDOCUMENT WHERE OID='4028b881821c956f01821c9d645a0002'
INSERT INTO COMMERCIALDOCUMENT VALUES('Order','4028b881821c956f01821c9cd7ec0001','2022-07-20',1,'',2022,2,NULL,21,4.20,NULL)
INSERT INTO COMMERCIALDOCUMENT VALUES('Order','4028b881821c956f01821c9d645a0002','2022-07-20',2,'',2022,1,NULL,21,0.00,NULL)
COMMIT
DELETE FROM COMMERCIALDOCUMENT WHERE OID='4028b881821c956f01821c9cd7ec0001'
DELETE FROM COMMERCIALDOCUMENT WHERE OID='4028b881821c956f01821c9d645a0002'
INSERT INTO COMMERCIALDOCUMENT VALUES('Order','4028b881821c956f01821c9cd7ec0001','2022-07-20',1,'',2022,2,NULL,21,4.20,24.20)
INSERT INTO COMMERCIALDOCUMENT VALUES('Order','4028b881821c956f01821c9d645a0002','2022-07-20',2,'',2022,1,NULL,21,0.00,0.00)
COMMIT
DELETE FROM COMMERCIALDOCUMENT WHERE OID='4028b881821c956f01821c9cd7ec0001'
DELETE FROM COMMERCIALDOCUMENT WHERE OID='4028b881821c956f01821c9d645a0002'
INSERT INTO COMMERCIALDOCUMENT VALUES('Order','4028b881821c956f01821c9cd7ec0001','2022-07-20',1,'',2022,2,NULL,21,4.20,24.20)
INSERT INTO COMMERCIALDOCUMENT VALUES('Order','4028b881821c956f01821c9d645a0002','2022-07-20',2,'',2022,1,NULL,21,0.00,0.00)
COMMIT
SET SCHEMA PUBLIC
DISCONNECT
/*C9*/SET SCHEMA INVOICING
DELETE FROM COMMERCIALDOCUMENT_DETAILS WHERE COMMERCIALDOCUMENT_OID='4028b881821c956f01821c9cd7ec0001' AND PRODUCT_NUMBER=7 AND QUANTITY=2 AND PRICEPERUNIT=10.00
DELETE FROM COMMERCIALDOCUMENT_DETAILS WHERE COMMERCIALDOCUMENT_OID='4028b881821c956f01821c9d645a0002' AND PRODUCT_NUMBER=7 AND QUANTITY=0 AND PRICEPERUNIT=10.00
INSERT INTO COMMERCIALDOCUMENT_DETAILS VALUES('4028b881821c956f01821c9cd7ec0001',7,2,10.00)
INSERT INTO COMMERCIALDOCUMENT_DETAILS VALUES('4028b881821c956f01821c9d645a0002',7,0,10.00)
COMMIT
SET SCHEMA PUBLIC
DISCONNECT
/*C10*/SET SCHEMA PUBLIC
DISCONNECT
/*C11*/SET SCHEMA PUBLIC
DISCONNECT
/*C12*/SET SCHEMA PUBLIC
DISCONNECT
/*C13*/SET SCHEMA PUBLIC
DISCONNECT
/*C14*/SET SCHEMA PUBLIC
DISCONNECT
/*C15*/SET SCHEMA INVOICING
INSERT INTO COMMERCIALDOCUMENT VALUES('Invoice','4028b8818225e0b2018225e122ee0000','2022-07-22',1,'',2022,2,NULL,21,0.00,0.00)
INSERT INTO COMMERCIALDOCUMENT_DETAILS VALUES('4028b8818225e0b2018225e122ee0000',50,0,99.00)
COMMIT
INSERT INTO COMMERCIALDOCUMENT VALUES('Invoice','4028b8818225e0b2018225e1a4230001','2022-07-22',2,'',2022,1,NULL,21,21.00,121.00)
INSERT INTO COMMERCIALDOCUMENT_DETAILS VALUES('4028b8818225e0b2018225e1a4230001',90,2,50.00)
COMMIT
INSERT INTO COMMERCIALDOCUMENT VALUES('Invoice','4028b8818225e0b2018225e33c530002','2022-07-22',3,'',2022,1,NULL,21,21.00,121.00)
INSERT INTO COMMERCIALDOCUMENT_DETAILS VALUES('4028b8818225e0b2018225e33c530002',79,5,20.00)
COMMIT
